# JRE version: Java(TM) SE Runtime Environment (8.0_191-b12) (build 1.8.0_191-b12)
# Java VM: Java HotSpot(TM) Client VM (25.191-b12 mixed mode windows-x86 )
Heap:
 def new generation   total 157248K, used 5218K [0x06000000, 0x10aa0000, 0x10aa0000)
  eden space 139776K,   3% used [0x06000000, 0x06518bc0, 0x0e880000)
  from space 17472K,   0% used [0x0e880000, 0x0e880000, 0x0f990000)
  to   space 17472K,   0% used [0x0f990000, 0x0f990000, 0x10aa0000)
 tenured generation   total 349568K, used 231531K [0x10aa0000, 0x26000000, 0x26000000)
   the space 349568K,  66% used [0x10aa0000, 0x1ecbad78, 0x1ecbae00, 0x26000000)
 Metaspace       used 23820K, capacity 24801K, committed 24960K, reserved 24960K
GC Heap History (10 events):
Event: 87898.467 GC heap before
{Heap before GC invocations=159 (full 5):
 def new generation   total 130688K, used 119638K [0x06000000, 0x0edc0000, 0x10aa0000)
  eden space 116224K, 100% used [0x06000000, 0x0d180000, 0x0d180000)
  from space 14464K,  23% used [0x0d180000, 0x0d4d58d8, 0x0dfa0000)
  to   space 14464K,   0% used [0x0dfa0000, 0x0dfa0000, 0x0edc0000)
 tenured generation   total 290096K, used 236856K [0x10aa0000, 0x225ec000, 0x26000000)
   the space 290096K,  81% used [0x10aa0000, 0x1f1ee388, 0x1f1ee400, 0x225ec000)
 Metaspace       used 23656K, capacity 24649K, committed 24704K, reserved 24960K
Event: 87898.481 GC heap after
Heap after GC invocations=160 (full 5):
 def new generation   total 130688K, used 4190K [0x06000000, 0x0edc0000, 0x10aa0000)
  eden space 116224K,   0% used [0x06000000, 0x06000000, 0x0d180000)
  from space 14464K,  28% used [0x0dfa0000, 0x0e3b7918, 0x0edc0000)
  to   space 14464K,   0% used [0x0d180000, 0x0d180000, 0x0dfa0000)
 tenured generation   total 290096K, used 236856K [0x10aa0000, 0x225ec000, 0x26000000)
   the space 290096K,  81% used [0x10aa0000, 0x1f1ee388, 0x1f1ee400, 0x225ec000)
 Metaspace       used 23656K, capacity 24649K, committed 24704K, reserved 24960K
}
Event: 89631.427 GC heap before
{Heap before GC invocations=160 (full 5):
 def new generation   total 130688K, used 120414K [0x06000000, 0x0edc0000, 0x10aa0000)
  eden space 116224K, 100% used [0x06000000, 0x0d180000, 0x0d180000)
  from space 14464K,  28% used [0x0dfa0000, 0x0e3b7918, 0x0edc0000)
  to   space 14464K,   0% used [0x0d180000, 0x0d180000, 0x0dfa0000)
 tenured generation   total 290096K, used 236856K [0x10aa0000, 0x225ec000, 0x26000000)
   the space 290096K,  81% used [0x10aa0000, 0x1f1ee388, 0x1f1ee400, 0x225ec000)
 Metaspace       used 23656K, capacity 24649K, committed 24704K, reserved 24960K
Event: 89631.438 GC heap after
Heap after GC invocations=161 (full 5):
 def new generation   total 130688K, used 4175K [0x06000000, 0x0edc0000, 0x10aa0000)
  eden space 116224K,   0% used [0x06000000, 0x06000000, 0x0d180000)
  from space 14464K,  28% used [0x0d180000, 0x0d593f18, 0x0dfa0000)
  to   space 14464K,   0% used [0x0dfa0000, 0x0dfa0000, 0x0edc0000)
 tenured generation   total 290096K, used 236858K [0x10aa0000, 0x225ec000, 0x26000000)
   the space 290096K,  81% used [0x10aa0000, 0x1f1eeb20, 0x1f1eec00, 0x225ec000)
 Metaspace       used 23656K, capacity 24649K, committed 24704K, reserved 24960K
}
Event: 89897.086 GC heap before
{Heap before GC invocations=161 (full 5):
 def new generation   total 130688K, used 117655K [0x06000000, 0x0edc0000, 0x10aa0000)
  eden space 116224K,  97% used [0x06000000, 0x0ced1d98, 0x0d180000)
  from space 14464K,  28% used [0x0d180000, 0x0d593f18, 0x0dfa0000)
  to   space 14464K,   0% used [0x0dfa0000, 0x0dfa0000, 0x0edc0000)
 tenured generation   total 290096K, used 236858K [0x10aa0000, 0x225ec000, 0x26000000)
   the space 290096K,  81% used [0x10aa0000, 0x1f1eeb20, 0x1f1eec00, 0x225ec000)
 Metaspace       used 23661K, capacity 24657K, committed 24704K, reserved 24960K
Event: 89897.247 GC heap after
Heap after GC invocations=162 (full 5):
 def new generation   total 130688K, used 14464K [0x06000000, 0x0edc0000, 0x10aa0000)
  eden space 116224K,   0% used [0x06000000, 0x06000000, 0x0d180000)
  from space 14464K, 100% used [0x0dfa0000, 0x0edc0000, 0x0edc0000)
  to   space 14464K,   0% used [0x0d180000, 0x0d180000, 0x0dfa0000)
 tenured generation   total 290096K, used 238874K [0x10aa0000, 0x225ec000, 0x26000000)
   the space 290096K,  82% used [0x10aa0000, 0x1f3e6a70, 0x1f3e6c00, 0x225ec000)
 Metaspace       used 23661K, capacity 24657K, committed 24704K, reserved 24960K
}
Event: 89900.579 GC heap before
{Heap before GC invocations=162 (full 5):
 def new generation   total 130688K, used 129942K [0x06000000, 0x0edc0000, 0x10aa0000)
  eden space 116224K,  99% used [0x06000000, 0x0d0c5ae0, 0x0d180000)
  from space 14464K, 100% used [0x0dfa0000, 0x0edc0000, 0x0edc0000)
  to   space 14464K,   0% used [0x0d180000, 0x0d180000, 0x0dfa0000)
 tenured generation   total 290096K, used 238874K [0x10aa0000, 0x225ec000, 0x26000000)
   the space 290096K,  82% used [0x10aa0000, 0x1f3e6a70, 0x1f3e6c00, 0x225ec000)
 Metaspace       used 23762K, capacity 24753K, committed 24832K, reserved 24960K
Event: 89900.783 GC heap after
Heap after GC invocations=163 (full 5):
 def new generation   total 130688K, used 14371K [0x06000000, 0x0edc0000, 0x10aa0000)
  eden space 116224K,   0% used [0x06000000, 0x06000000, 0x0d180000)
  from space 14464K,  99% used [0x0d180000, 0x0df88fd8, 0x0dfa0000)
  to   space 14464K,   0% used [0x0dfa0000, 0x0dfa0000, 0x0edc0000)
 tenured generation   total 290096K, used 259815K [0x10aa0000, 0x225ec000, 0x26000000)
   the space 290096K,  89% used [0x10aa0000, 0x20859c20, 0x20859e00, 0x225ec000)
 Metaspace       used 23762K, capacity 24753K, committed 24832K, reserved 24960K
}
Event: 89903.132 GC heap before
{Heap before GC invocations=163 (full 5):
 def new generation   total 130688K, used 130595K [0x06000000, 0x0edc0000, 0x10aa0000)
  eden space 116224K, 100% used [0x06000000, 0x0d180000, 0x0d180000)
  from space 14464K,  99% used [0x0d180000, 0x0df88fd8, 0x0dfa0000)
  to   space 14464K,   0% used [0x0dfa0000, 0x0dfa0000, 0x0edc0000)
 tenured generation   total 290096K, used 259815K [0x10aa0000, 0x225ec000, 0x26000000)
   the space 290096K,  89% used [0x10aa0000, 0x20859c20, 0x20859e00, 0x225ec000)
 Metaspace       used 23878K, capacity 24881K, committed 24960K, reserved 24960K
Event: 89906.514 GC heap after
Heap after GC invocations=164 (full 6):
 def new generation   total 157248K, used 0K [0x06000000, 0x10aa0000, 0x10aa0000)
  eden space 139776K,   0% used [0x06000000, 0x06000000, 0x0e880000)
  from space 17472K,   0% used [0x0e880000, 0x0e880000, 0x0f990000)
  to   space 17472K,   0% used [0x0f990000, 0x0f990000, 0x10aa0000)
 tenured generation   total 349568K, used 231531K [0x10aa0000, 0x26000000, 0x26000000)
   the space 349568K,  66% used [0x10aa0000, 0x1ecbad78, 0x1ecbae00, 0x26000000)
 Metaspace       used 23820K, capacity 24801K, committed 24960K, reserved 24960K
}

